/home/kianis4/CS1XA3/python_env/django_project/manage.py
/home/kianis4/CS1XA3/python_env/lib/python3.5/site-packages/django/test/client.py
/home/kianis4/CS1XA3/python_env/lib/python3.5/site-packages/django/test/selenium.py
/home/kianis4/CS1XA3/python_env/lib/python3.5/site-packages/django/test/testcases.py
/home/kianis4/CS1XA3/python_env/lib/python3.5/site-packages/django/test/utils.py
/home/kianis4/CS1XA3/python_env/lib/python3.5/site-packages/django/utils/log.py
/home/kianis4/CS1XA3/python_env/lib/python3.5/site-packages/django/utils/feedgenerator.py
/home/kianis4/CS1XA3/python_env/lib/python3.5/site-packages/django/utils/http.py
/home/kianis4/CS1XA3/python_env/lib/python3.5/site-packages/django/utils/datastructures.py
/home/kianis4/CS1XA3/python_env/lib/python3.5/site-packages/django/utils/module_loading.py
/home/kianis4/CS1XA3/python_env/lib/python3.5/site-packages/django/utils/deconstruct.py
/home/kianis4/CS1XA3/python_env/lib/python3.5/site-packages/django/utils/translation/__init__.py
/home/kianis4/CS1XA3/python_env/lib/python3.5/site-packages/django/utils/autoreload.py
/home/kianis4/CS1XA3/python_env/lib/python3.5/site-packages/django/utils/functional.py
/home/kianis4/CS1XA3/python_env/lib/python3.5/site-packages/django/utils/tree.py
/home/kianis4/CS1XA3/python_env/lib/python3.5/site-packages/django/conf/urls/i18n.py
/home/kianis4/CS1XA3/python_env/lib/python3.5/site-packages/django/urls/resolvers.py
/home/kianis4/CS1XA3/python_env/lib/python3.5/site-packages/django/urls/converters.py
/home/kianis4/CS1XA3/python_env/lib/python3.5/site-packages/django/forms/utils.py
/home/kianis4/CS1XA3/python_env/lib/python3.5/site-packages/django/forms/models.py
/home/kianis4/CS1XA3/python_env/lib/python3.5/site-packages/django/forms/widgets.py
/home/kianis4/CS1XA3/python_env/lib/python3.5/site-packages/django/forms/fields.py
/home/kianis4/CS1XA3/python_env/lib/python3.5/site-packages/django/forms/forms.py
/home/kianis4/CS1XA3/python_env/lib/python3.5/site-packages/django/forms/boundfield.py
/home/kianis4/CS1XA3/python_env/lib/python3.5/site-packages/django/contrib/admindocs/views.py
/home/kianis4/CS1XA3/python_env/lib/python3.5/site-packages/django/contrib/contenttypes/admin.py
/home/kianis4/CS1XA3/python_env/lib/python3.5/site-packages/django/contrib/contenttypes/models.py
/home/kianis4/CS1XA3/python_env/lib/python3.5/site-packages/django/contrib/contenttypes/fields.py
/home/kianis4/CS1XA3/python_env/lib/python3.5/site-packages/django/contrib/contenttypes/forms.py
/home/kianis4/CS1XA3/python_env/lib/python3.5/site-packages/django/contrib/auth/views.py
/home/kianis4/CS1XA3/python_env/lib/python3.5/site-packages/django/contrib/auth/admin.py
/home/kianis4/CS1XA3/python_env/lib/python3.5/site-packages/django/contrib/auth/backends.py
/home/kianis4/CS1XA3/python_env/lib/python3.5/site-packages/django/contrib/auth/forms.py
/home/kianis4/CS1XA3/python_env/lib/python3.5/site-packages/django/contrib/messages/utils.py
/home/kianis4/CS1XA3/python_env/lib/python3.5/site-packages/django/contrib/admin/actions.py
/home/kianis4/CS1XA3/python_env/lib/python3.5/site-packages/django/contrib/admin/decorators.py
/home/kianis4/CS1XA3/python_env/lib/python3.5/site-packages/django/contrib/admin/options.py
/home/kianis4/CS1XA3/python_env/lib/python3.5/site-packages/django/contrib/admin/views/main.py
/home/kianis4/CS1XA3/python_env/lib/python3.5/site-packages/django/contrib/admin/widgets.py
/home/kianis4/CS1XA3/python_env/lib/python3.5/site-packages/django/contrib/admin/checks.py
/home/kianis4/CS1XA3/python_env/lib/python3.5/site-packages/django/contrib/admin/templatetags/admin_list.py
/home/kianis4/CS1XA3/python_env/lib/python3.5/site-packages/django/contrib/admin/sites.py
/home/kianis4/CS1XA3/python_env/lib/python3.5/site-packages/django/contrib/admin/forms.py
/home/kianis4/CS1XA3/python_env/lib/python3.5/site-packages/django/contrib/gis/geos/prototypes/coordseq.py
/home/kianis4/CS1XA3/python_env/lib/python3.5/site-packages/django/contrib/gis/geos/prototypes/threadsafe.py
/home/kianis4/CS1XA3/python_env/lib/python3.5/site-packages/django/contrib/gis/geos/libgeos.py
/home/kianis4/CS1XA3/python_env/lib/python3.5/site-packages/django/contrib/gis/geos/mutable_list.py
/home/kianis4/CS1XA3/python_env/lib/python3.5/site-packages/django/contrib/gis/utils/layermapping.py
/home/kianis4/CS1XA3/python_env/lib/python3.5/site-packages/django/contrib/gis/forms/widgets.py
/home/kianis4/CS1XA3/python_env/lib/python3.5/site-packages/django/contrib/gis/forms/fields.py
/home/kianis4/CS1XA3/python_env/lib/python3.5/site-packages/django/contrib/gis/db/backends/oracle/introspection.py
/home/kianis4/CS1XA3/python_env/lib/python3.5/site-packages/django/contrib/gis/db/backends/spatialite/operations.py
/home/kianis4/CS1XA3/python_env/lib/python3.5/site-packages/django/contrib/gis/db/backends/spatialite/introspection.py
/home/kianis4/CS1XA3/python_env/lib/python3.5/site-packages/django/contrib/gis/db/backends/spatialite/base.py
/home/kianis4/CS1XA3/python_env/lib/python3.5/site-packages/django/contrib/gis/db/models/lookups.py
/home/kianis4/CS1XA3/python_env/lib/python3.5/site-packages/django/contrib/gis/db/models/functions.py
/home/kianis4/CS1XA3/python_env/lib/python3.5/site-packages/django/contrib/gis/db/models/fields.py
/home/kianis4/CS1XA3/python_env/lib/python3.5/site-packages/django/contrib/postgres/fields/array.py
/home/kianis4/CS1XA3/python_env/lib/python3.5/site-packages/django/contrib/postgres/fields/hstore.py
/home/kianis4/CS1XA3/python_env/lib/python3.5/site-packages/django/contrib/postgres/fields/jsonb.py
/home/kianis4/CS1XA3/python_env/lib/python3.5/site-packages/django/contrib/postgres/indexes.py
/home/kianis4/CS1XA3/python_env/lib/python3.5/site-packages/django/contrib/postgres/validators.py
/home/kianis4/CS1XA3/python_env/lib/python3.5/site-packages/django/contrib/postgres/forms/array.py
/home/kianis4/CS1XA3/python_env/lib/python3.5/site-packages/django/contrib/postgres/utils.py
/home/kianis4/CS1XA3/python_env/lib/python3.5/site-packages/django/contrib/postgres/search.py
/home/kianis4/CS1XA3/python_env/lib/python3.5/site-packages/django/contrib/staticfiles/storage.py
/home/kianis4/CS1XA3/python_env/lib/python3.5/site-packages/django/contrib/staticfiles/utils.py
/home/kianis4/CS1XA3/python_env/lib/python3.5/site-packages/django/views/generic/list.py
/home/kianis4/CS1XA3/python_env/lib/python3.5/site-packages/django/views/decorators/cache.py
/home/kianis4/CS1XA3/python_env/lib/python3.5/site-packages/django/template/backends/jinja2.py
/home/kianis4/CS1XA3/python_env/lib/python3.5/site-packages/django/template/backends/django.py
/home/kianis4/CS1XA3/python_env/lib/python3.5/site-packages/django/template/base.py
/home/kianis4/CS1XA3/python_env/lib/python3.5/site-packages/django/template/utils.py
/home/kianis4/CS1XA3/python_env/lib/python3.5/site-packages/django/template/defaulttags.py
/home/kianis4/CS1XA3/python_env/lib/python3.5/site-packages/django/template/context.py
/home/kianis4/CS1XA3/python_env/lib/python3.5/site-packages/django/template/loader_tags.py
/home/kianis4/CS1XA3/python_env/lib/python3.5/site-packages/django/template/loaders/cached.py
/home/kianis4/CS1XA3/python_env/lib/python3.5/site-packages/django/shortcuts.py
/home/kianis4/CS1XA3/python_env/lib/python3.5/site-packages/django/http/request.py
/home/kianis4/CS1XA3/python_env/lib/python3.5/site-packages/django/http/response.py
/home/kianis4/CS1XA3/python_env/lib/python3.5/site-packages/django/http/multipartparser.py
/home/kianis4/CS1XA3/python_env/lib/python3.5/site-packages/django/db/backends/base/base.py
/home/kianis4/CS1XA3/python_env/lib/python3.5/site-packages/django/db/backends/base/creation.py
/home/kianis4/CS1XA3/python_env/lib/python3.5/site-packages/django/db/backends/base/schema.py
/home/kianis4/CS1XA3/python_env/lib/python3.5/site-packages/django/db/backends/postgresql/client.py
/home/kianis4/CS1XA3/python_env/lib/python3.5/site-packages/django/db/backends/postgresql/introspection.py
/home/kianis4/CS1XA3/python_env/lib/python3.5/site-packages/django/db/backends/postgresql/base.py
/home/kianis4/CS1XA3/python_env/lib/python3.5/site-packages/django/db/backends/mysql/operations.py
/home/kianis4/CS1XA3/python_env/lib/python3.5/site-packages/django/db/backends/mysql/introspection.py
/home/kianis4/CS1XA3/python_env/lib/python3.5/site-packages/django/db/backends/mysql/base.py
/home/kianis4/CS1XA3/python_env/lib/python3.5/site-packages/django/db/backends/utils.py
/home/kianis4/CS1XA3/python_env/lib/python3.5/site-packages/django/db/backends/oracle/operations.py
/home/kianis4/CS1XA3/python_env/lib/python3.5/site-packages/django/db/backends/oracle/introspection.py
/home/kianis4/CS1XA3/python_env/lib/python3.5/site-packages/django/db/backends/oracle/base.py
/home/kianis4/CS1XA3/python_env/lib/python3.5/site-packages/django/db/backends/oracle/creation.py
/home/kianis4/CS1XA3/python_env/lib/python3.5/site-packages/django/db/backends/oracle/functions.py
/home/kianis4/CS1XA3/python_env/lib/python3.5/site-packages/django/db/backends/sqlite3/base.py
/home/kianis4/CS1XA3/python_env/lib/python3.5/site-packages/django/db/backends/sqlite3/creation.py
/home/kianis4/CS1XA3/python_env/lib/python3.5/site-packages/django/db/migrations/state.py
/home/kianis4/CS1XA3/python_env/lib/python3.5/site-packages/django/db/migrations/operations/models.py
/home/kianis4/CS1XA3/python_env/lib/python3.5/site-packages/django/db/migrations/loader.py
/home/kianis4/CS1XA3/python_env/lib/python3.5/site-packages/django/db/migrations/graph.py
/home/kianis4/CS1XA3/python_env/lib/python3.5/site-packages/django/db/migrations/serializer.py
/home/kianis4/CS1XA3/python_env/lib/python3.5/site-packages/django/db/utils.py
/home/kianis4/CS1XA3/python_env/lib/python3.5/site-packages/django/db/models/fields/related_descriptors.py
/home/kianis4/CS1XA3/python_env/lib/python3.5/site-packages/django/db/models/fields/files.py
/home/kianis4/CS1XA3/python_env/lib/python3.5/site-packages/django/db/models/fields/related.py
/home/kianis4/CS1XA3/python_env/lib/python3.5/site-packages/django/db/models/fields/__init__.py
/home/kianis4/CS1XA3/python_env/lib/python3.5/site-packages/django/db/models/indexes.py
/home/kianis4/CS1XA3/python_env/lib/python3.5/site-packages/django/db/models/base.py
/home/kianis4/CS1XA3/python_env/lib/python3.5/site-packages/django/db/models/sql/compiler.py
/home/kianis4/CS1XA3/python_env/lib/python3.5/site-packages/django/db/models/sql/query.py
/home/kianis4/CS1XA3/python_env/lib/python3.5/site-packages/django/db/models/manager.py
/home/kianis4/CS1XA3/python_env/lib/python3.5/site-packages/django/db/models/query_utils.py
/home/kianis4/CS1XA3/python_env/lib/python3.5/site-packages/django/db/models/query.py
/home/kianis4/CS1XA3/python_env/lib/python3.5/site-packages/django/db/models/expressions.py
/home/kianis4/CS1XA3/python_env/lib/python3.5/site-packages/django/db/models/aggregates.py
/home/kianis4/CS1XA3/python_env/lib/python3.5/site-packages/django/core/servers/basehttp.py
/home/kianis4/CS1XA3/python_env/lib/python3.5/site-packages/django/core/mail/backends/filebased.py
/home/kianis4/CS1XA3/python_env/lib/python3.5/site-packages/django/core/handlers/exception.py
/home/kianis4/CS1XA3/python_env/lib/python3.5/site-packages/django/core/cache/__init__.py
/home/kianis4/CS1XA3/python_env/lib/python3.5/site-packages/django/core/serializers/xml_serializer.py
/home/kianis4/CS1XA3/python_env/lib/python3.5/site-packages/django/core/serializers/python.py
/home/kianis4/CS1XA3/python_env/lib/python3.5/site-packages/django/core/serializers/base.py
/home/kianis4/CS1XA3/python_env/lib/python3.5/site-packages/django/core/serializers/json.py
/home/kianis4/CS1XA3/python_env/lib/python3.5/site-packages/django/core/serializers/pyyaml.py
/home/kianis4/CS1XA3/python_env/lib/python3.5/site-packages/django/core/management/templates.py
/home/kianis4/CS1XA3/python_env/lib/python3.5/site-packages/django/core/management/commands/flush.py
/home/kianis4/CS1XA3/python_env/lib/python3.5/site-packages/django/core/management/commands/dumpdata.py
/home/kianis4/CS1XA3/python_env/lib/python3.5/site-packages/django/core/management/utils.py
